# JRE version: OpenJDK Runtime Environment Microsoft-8035246 (17.0.8+7) (build 17.0.8+7-LTS)
# Java VM: OpenJDK 64-Bit Server VM Microsoft-8035246 (17.0.8+7-LTS, mixed mode, sharing, tiered, compressed oops, compressed class ptrs, g1 gc, windows-amd64)
GC Precious Log:
 CPUs: 4 total, 4 available
 Memory: 16268M
 Large Page Support: Disabled
 NUMA Support: Disabled
 Compressed Oops: Enabled (32-bit)
 Heap Region Size: 1M
 Heap Min Capacity: 8M
 Heap Initial Capacity: 256M
 Heap Max Capacity: 2G
 Pre-touch: Disabled
 Parallel Workers: 4
 Concurrent Workers: 1
 Concurrent Refinement Workers: 4
 Periodic GC: Disabled
Heap:
 garbage-first heap   total 329728K, used 220765K [0x0000000080000000, 0x0000000100000000)
  region size 1024K, 71 young (72704K), 1 survivors (1024K)
 Metaspace       used 97851K, committed 98816K, reserved 557056K
  class space    used 13709K, committed 14144K, reserved 425984K
GC Heap History (20 events):
Event: 22.959 GC heap before
{Heap before GC invocations=44 (full 0):
 garbage-first heap   total 196608K, used 113651K [0x0000000080000000, 0x0000000100000000)
  region size 1024K, 25 young (25600K), 8 survivors (8192K)
 Metaspace       used 86717K, committed 87552K, reserved 557056K
  class space    used 12245K, committed 12608K, reserved 425984K
}
Event: 22.968 GC heap after
{Heap after GC invocations=45 (full 0):
 garbage-first heap   total 196608K, used 100820K [0x0000000080000000, 0x0000000100000000)
  region size 1024K, 3 young (3072K), 3 survivors (3072K)
 Metaspace       used 86717K, committed 87552K, reserved 557056K
  class space    used 12245K, committed 12608K, reserved 425984K
}
Event: 23.647 GC heap before
{Heap before GC invocations=46 (full 0):
 garbage-first heap   total 196608K, used 145876K [0x0000000080000000, 0x0000000100000000)
  region size 1024K, 45 young (46080K), 3 survivors (3072K)
 Metaspace       used 87485K, committed 88320K, reserved 557056K
  class space    used 12356K, committed 12736K, reserved 425984K
}
Event: 23.655 GC heap after
{Heap after GC invocations=47 (full 0):
 garbage-first heap   total 196608K, used 115641K [0x0000000080000000, 0x0000000100000000)
  region size 1024K, 7 young (7168K), 7 survivors (7168K)
 Metaspace       used 87485K, committed 88320K, reserved 557056K
  class space    used 12356K, committed 12736K, reserved 425984K
}
Event: 24.164 GC heap before
{Heap before GC invocations=48 (full 0):
 garbage-first heap   total 211968K, used 151481K [0x0000000080000000, 0x0000000100000000)
  region size 1024K, 40 young (40960K), 7 survivors (7168K)
 Metaspace       used 87830K, committed 88704K, reserved 557056K
  class space    used 12392K, committed 12800K, reserved 425984K
}
Event: 24.176 GC heap after
{Heap after GC invocations=49 (full 0):
 garbage-first heap   total 211968K, used 127258K [0x0000000080000000, 0x0000000100000000)
  region size 1024K, 6 young (6144K), 6 survivors (6144K)
 Metaspace       used 87830K, committed 88704K, reserved 557056K
  class space    used 12392K, committed 12800K, reserved 425984K
}
Event: 24.695 GC heap before
{Heap before GC invocations=50 (full 0):
 garbage-first heap   total 230400K, used 166170K [0x0000000080000000, 0x0000000100000000)
  region size 1024K, 43 young (44032K), 6 survivors (6144K)
 Metaspace       used 89055K, committed 89920K, reserved 557056K
  class space    used 12543K, committed 12928K, reserved 425984K
}
Event: 24.702 GC heap after
{Heap after GC invocations=51 (full 0):
 garbage-first heap   total 230400K, used 135489K [0x0000000080000000, 0x0000000100000000)
  region size 1024K, 6 young (6144K), 6 survivors (6144K)
 Metaspace       used 89055K, committed 89920K, reserved 557056K
  class space    used 12543K, committed 12928K, reserved 425984K
}
Event: 25.219 GC heap before
{Heap before GC invocations=51 (full 0):
 garbage-first heap   total 230400K, used 177473K [0x0000000080000000, 0x0000000100000000)
  region size 1024K, 47 young (48128K), 6 survivors (6144K)
 Metaspace       used 93282K, committed 94272K, reserved 557056K
  class space    used 13139K, committed 13568K, reserved 425984K
}
Event: 25.226 GC heap after
{Heap after GC invocations=52 (full 0):
 garbage-first heap   total 230400K, used 138338K [0x0000000080000000, 0x0000000100000000)
  region size 1024K, 3 young (3072K), 3 survivors (3072K)
 Metaspace       used 93282K, committed 94272K, reserved 557056K
  class space    used 13139K, committed 13568K, reserved 425984K
}
Event: 25.830 GC heap before
{Heap before GC invocations=53 (full 0):
 garbage-first heap   total 250880K, used 181346K [0x0000000080000000, 0x0000000100000000)
  region size 1024K, 45 young (46080K), 3 survivors (3072K)
 Metaspace       used 95382K, committed 96320K, reserved 557056K
  class space    used 13417K, committed 13824K, reserved 425984K
}
Event: 25.837 GC heap after
{Heap after GC invocations=54 (full 0):
 garbage-first heap   total 250880K, used 141275K [0x0000000080000000, 0x0000000100000000)
  region size 1024K, 6 young (6144K), 6 survivors (6144K)
 Metaspace       used 95382K, committed 96320K, reserved 557056K
  class space    used 13417K, committed 13824K, reserved 425984K
}
Event: 25.918 GC heap before
{Heap before GC invocations=54 (full 0):
 garbage-first heap   total 250880K, used 147419K [0x0000000080000000, 0x0000000100000000)
  region size 1024K, 12 young (12288K), 6 survivors (6144K)
 Metaspace       used 95534K, committed 96448K, reserved 557056K
  class space    used 13430K, committed 13824K, reserved 425984K
}
Event: 25.925 GC heap after
{Heap after GC invocations=55 (full 0):
 garbage-first heap   total 250880K, used 141786K [0x0000000080000000, 0x0000000100000000)
  region size 1024K, 2 young (2048K), 2 survivors (2048K)
 Metaspace       used 95534K, committed 96448K, reserved 557056K
  class space    used 13430K, committed 13824K, reserved 425984K
}
Event: 26.393 GC heap before
{Heap before GC invocations=55 (full 0):
 garbage-first heap   total 250880K, used 192986K [0x0000000080000000, 0x0000000100000000)
  region size 1024K, 52 young (53248K), 2 survivors (2048K)
 Metaspace       used 96396K, committed 97344K, reserved 557056K
  class space    used 13519K, committed 13952K, reserved 425984K
}
Event: 26.402 GC heap after
{Heap after GC invocations=56 (full 0):
 garbage-first heap   total 250880K, used 146372K [0x0000000080000000, 0x0000000100000000)
  region size 1024K, 7 young (7168K), 7 survivors (7168K)
 Metaspace       used 96396K, committed 97344K, reserved 557056K
  class space    used 13519K, committed 13952K, reserved 425984K
}
Event: 27.163 GC heap before
{Heap before GC invocations=57 (full 0):
 garbage-first heap   total 273408K, used 196548K [0x0000000080000000, 0x0000000100000000)
  region size 1024K, 57 young (58368K), 7 survivors (7168K)
 Metaspace       used 97461K, committed 98368K, reserved 557056K
  class space    used 13659K, committed 14080K, reserved 425984K
}
Event: 27.176 GC heap after
{Heap after GC invocations=58 (full 0):
 garbage-first heap   total 273408K, used 150672K [0x0000000080000000, 0x0000000100000000)
  region size 1024K, 5 young (5120K), 5 survivors (5120K)
 Metaspace       used 97461K, committed 98368K, reserved 557056K
  class space    used 13659K, committed 14080K, reserved 425984K
}
Event: 27.282 GC heap before
{Heap before GC invocations=58 (full 0):
 garbage-first heap   total 273408K, used 158864K [0x0000000080000000, 0x0000000100000000)
  region size 1024K, 13 young (13312K), 5 survivors (5120K)
 Metaspace       used 97547K, committed 98432K, reserved 557056K
  class space    used 13659K, committed 14080K, reserved 425984K
}
Event: 27.289 GC heap after
{Heap after GC invocations=59 (full 0):
 garbage-first heap   total 329728K, used 151133K [0x0000000080000000, 0x0000000100000000)
  region size 1024K, 1 young (1024K), 1 survivors (1024K)
 Metaspace       used 97547K, committed 98432K, reserved 557056K
  class space    used 13659K, committed 14080K, reserved 425984K
}

