# JRE version: OpenJDK Runtime Environment Microsoft-8035246 (17.0.8+7) (build 17.0.8+7-LTS)
# Java VM: OpenJDK 64-Bit Server VM Microsoft-8035246 (17.0.8+7-LTS, mixed mode, sharing, tiered, compressed oops, compressed class ptrs, g1 gc, windows-amd64)
GC Precious Log:
 CPUs: 4 total, 4 available
 Memory: 16268M
 Large Page Support: Disabled
 NUMA Support: Disabled
 Compressed Oops: Enabled (32-bit)
 Heap Region Size: 1M
 Heap Min Capacity: 8M
 Heap Initial Capacity: 256M
 Heap Max Capacity: 2G
 Pre-touch: Disabled
 Parallel Workers: 4
 Concurrent Workers: 1
 Concurrent Refinement Workers: 4
 Periodic GC: Disabled
Heap:
 garbage-first heap   total 277504K, used 188012K [0x0000000080000000, 0x0000000100000000)
  region size 1024K, 35 young (35840K), 6 survivors (6144K)
 Metaspace       used 97867K, committed 98816K, reserved 557056K
  class space    used 13680K, committed 14144K, reserved 425984K
GC Heap History (20 events):
Event: 27.584 GC heap before
{Heap before GC invocations=45 (full 0):
 garbage-first heap   total 196608K, used 153451K [0x0000000080000000, 0x0000000100000000)
  region size 1024K, 65 young (66560K), 5 survivors (5120K)
 Metaspace       used 86604K, committed 87424K, reserved 557056K
  class space    used 12239K, committed 12608K, reserved 425984K
}
Event: 27.593 GC heap after
{Heap after GC invocations=46 (full 0):
 garbage-first heap   total 196608K, used 98457K [0x0000000080000000, 0x0000000100000000)
  region size 1024K, 9 young (9216K), 9 survivors (9216K)
 Metaspace       used 86604K, committed 87424K, reserved 557056K
  class space    used 12239K, committed 12608K, reserved 425984K
}
Event: 28.554 GC heap before
{Heap before GC invocations=46 (full 0):
 garbage-first heap   total 196608K, used 159897K [0x0000000080000000, 0x0000000100000000)
  region size 1024K, 64 young (65536K), 9 survivors (9216K)
 Metaspace       used 87569K, committed 88384K, reserved 557056K
  class space    used 12355K, committed 12736K, reserved 425984K
}
Event: 28.566 GC heap after
{Heap after GC invocations=47 (full 0):
 garbage-first heap   total 196608K, used 117201K [0x0000000080000000, 0x0000000100000000)
  region size 1024K, 8 young (8192K), 8 survivors (8192K)
 Metaspace       used 87569K, committed 88384K, reserved 557056K
  class space    used 12355K, committed 12736K, reserved 425984K
}
Event: 29.253 GC heap before
{Heap before GC invocations=47 (full 0):
 garbage-first heap   total 196608K, used 158161K [0x0000000080000000, 0x0000000100000000)
  region size 1024K, 47 young (48128K), 8 survivors (8192K)
 Metaspace       used 87989K, committed 88832K, reserved 557056K
  class space    used 12405K, committed 12800K, reserved 425984K
}
Event: 29.263 GC heap after
{Heap after GC invocations=48 (full 0):
 garbage-first heap   total 196608K, used 131048K [0x0000000080000000, 0x0000000100000000)
  region size 1024K, 6 young (6144K), 6 survivors (6144K)
 Metaspace       used 87989K, committed 88832K, reserved 557056K
  class space    used 12405K, committed 12800K, reserved 425984K
}
Event: 29.793 GC heap before
{Heap before GC invocations=48 (full 0):
 garbage-first heap   total 196608K, used 160744K [0x0000000080000000, 0x0000000100000000)
  region size 1024K, 35 young (35840K), 6 survivors (6144K)
 Metaspace       used 89124K, committed 90048K, reserved 557056K
  class space    used 12546K, committed 12992K, reserved 425984K
}
Event: 29.804 GC heap after
{Heap after GC invocations=49 (full 0):
 garbage-first heap   total 196608K, used 135151K [0x0000000080000000, 0x0000000100000000)
  region size 1024K, 4 young (4096K), 4 survivors (4096K)
 Metaspace       used 89124K, committed 90048K, reserved 557056K
  class space    used 12546K, committed 12992K, reserved 425984K
}
Event: 30.155 GC heap before
{Heap before GC invocations=49 (full 0):
 garbage-first heap   total 196608K, used 160751K [0x0000000080000000, 0x0000000100000000)
  region size 1024K, 30 young (30720K), 4 survivors (4096K)
 Metaspace       used 91324K, committed 92160K, reserved 557056K
  class space    used 12908K, committed 13312K, reserved 425984K
}
Event: 30.163 GC heap after
{Heap after GC invocations=50 (full 0):
 garbage-first heap   total 196608K, used 136540K [0x0000000080000000, 0x0000000100000000)
  region size 1024K, 2 young (2048K), 2 survivors (2048K)
 Metaspace       used 91324K, committed 92160K, reserved 557056K
  class space    used 12908K, committed 13312K, reserved 425984K
}
Event: 30.741 GC heap before
{Heap before GC invocations=50 (full 0):
 garbage-first heap   total 196608K, used 164188K [0x0000000080000000, 0x0000000100000000)
  region size 1024K, 29 young (29696K), 2 survivors (2048K)
 Metaspace       used 94074K, committed 95040K, reserved 557056K
  class space    used 13239K, committed 13696K, reserved 425984K
}
Event: 30.747 GC heap after
{Heap after GC invocations=51 (full 0):
 garbage-first heap   total 196608K, used 138334K [0x0000000080000000, 0x0000000100000000)
  region size 1024K, 4 young (4096K), 4 survivors (4096K)
 Metaspace       used 94074K, committed 95040K, reserved 557056K
  class space    used 13239K, committed 13696K, reserved 425984K
}
Event: 31.082 GC heap before
{Heap before GC invocations=51 (full 0):
 garbage-first heap   total 196608K, used 164958K [0x0000000080000000, 0x0000000100000000)
  region size 1024K, 30 young (30720K), 4 survivors (4096K)
 Metaspace       used 95241K, committed 96192K, reserved 557056K
  class space    used 13388K, committed 13824K, reserved 425984K
}
Event: 31.088 GC heap after
{Heap after GC invocations=52 (full 0):
 garbage-first heap   total 196608K, used 140668K [0x0000000080000000, 0x0000000100000000)
  region size 1024K, 3 young (3072K), 3 survivors (3072K)
 Metaspace       used 95241K, committed 96192K, reserved 557056K
  class space    used 13388K, committed 13824K, reserved 425984K
}
Event: 31.409 GC heap before
{Heap before GC invocations=52 (full 0):
 garbage-first heap   total 196608K, used 166268K [0x0000000080000000, 0x0000000100000000)
  region size 1024K, 28 young (28672K), 3 survivors (3072K)
 Metaspace       used 96113K, committed 97088K, reserved 557056K
  class space    used 13496K, committed 13952K, reserved 425984K
}
Event: 31.417 GC heap after
{Heap after GC invocations=53 (full 0):
 garbage-first heap   total 277504K, used 143934K [0x0000000080000000, 0x0000000100000000)
  region size 1024K, 4 young (4096K), 4 survivors (4096K)
 Metaspace       used 96113K, committed 97088K, reserved 557056K
  class space    used 13496K, committed 13952K, reserved 425984K
}
Event: 32.574 GC heap before
{Heap before GC invocations=53 (full 0):
 garbage-first heap   total 277504K, used 217662K [0x0000000080000000, 0x0000000100000000)
  region size 1024K, 76 young (77824K), 4 survivors (4096K)
 Metaspace       used 97274K, committed 98240K, reserved 557056K
  class space    used 13623K, committed 14080K, reserved 425984K
}
Event: 32.586 GC heap after
{Heap after GC invocations=54 (full 0):
 garbage-first heap   total 277504K, used 150645K [0x0000000080000000, 0x0000000100000000)
  region size 1024K, 10 young (10240K), 10 survivors (10240K)
 Metaspace       used 97274K, committed 98240K, reserved 557056K
  class space    used 13623K, committed 14080K, reserved 425984K
}
Event: 33.790 GC heap before
{Heap before GC invocations=54 (full 0):
 garbage-first heap   total 277504K, used 220277K [0x0000000080000000, 0x0000000100000000)
  region size 1024K, 79 young (80896K), 10 survivors (10240K)
 Metaspace       used 97838K, committed 98816K, reserved 557056K
  class space    used 13680K, committed 14144K, reserved 425984K
}
Event: 33.802 GC heap after
{Heap after GC invocations=55 (full 0):
 garbage-first heap   total 277504K, used 156268K [0x0000000080000000, 0x0000000100000000)
  region size 1024K, 6 young (6144K), 6 survivors (6144K)
 Metaspace       used 97838K, committed 98816K, reserved 557056K
  class space    used 13680K, committed 14144K, reserved 425984K
}

